<testsuite name="Django Project Tests" errors="0" failures="2" skips="0" tests="20" time="8.918"><testcase time="0.001030" classname="trials.tests.test_forms.TestForms" name="test_grower_form_no_data" /><testcase time="0.074249" classname="trials.tests.test_forms.TestForms" name="test_grower_form_valid_data" /><testcase time="0.000000" classname="trials.tests.test_forms.TestForms" name="test_measurement_form_no_data" /><testcase time="0.001000" classname="trials.tests.test_forms.TestForms" name="test_measurement_form_valid_data" /><testcase time="0.000993" classname="trials.tests.test_forms.TestForms" name="test_product_form_no_data" /><testcase time="0.068154" classname="trials.tests.test_forms.TestForms" name="test_products_form_valid_data"><failure type="builtins.AssertionError" message="False is not true">Traceback (most recent call last):
  File "C:\Users\Luther\Documents\CS_4360\SeedApp\SeedApp\trials\tests\test_forms.py", line 34, in test_products_form_valid_data
    self.assertTrue(form.is_valid())
AssertionError: False is not true
</failure></testcase><testcase time="0.001000" classname="trials.tests.test_forms.TestForms" name="test_trial_form_no_data" /><testcase time="0.060431" classname="trials.tests.test_forms.TestForms" name="test_trial_form_valid_data"><failure type="builtins.AssertionError" message="False is not true">Traceback (most recent call last):
  File "C:\Users\Luther\Documents\CS_4360\SeedApp\SeedApp\trials\tests\test_forms.py", line 17, in test_trial_form_valid_data
    self.assertTrue(form.is_valid())
AssertionError: False is not true
</failure></testcase><testcase time="0.265563" classname="trials.tests.test_models.TestModels" name="test_grower_creation" /><testcase time="0.224088" classname="trials.tests.test_models.TestModels" name="test_measure_creation" /><testcase time="0.226422" classname="trials.tests.test_models.TestModels" name="test_product_creation" /><testcase time="0.224303" classname="trials.tests.test_models.TestModels" name="test_trial_creation" /><testcase time="0.052136" classname="trials.tests.test_views.TestViews" name="test_project_home_GET" /><testcase time="0.088759" classname="trials.tests.test_views.TestViews" name="test_project_measurement_GET" /><testcase time="0.499260" classname="trials.tests.test_views.TestViews" name="test_project_products_GET" /><testcase time="0.347576" classname="trials.tests.test_views.TestViews" name="test_project_trials_GET" /><testcase time="0.001018" classname="trials.tests.test_urls.TestUrls" name="test_dashboard_url_is_resolves" /><testcase time="0.001002" classname="trials.tests.test_urls.TestUrls" name="test_measurements_url_is_resolves" /><testcase time="0.002000" classname="trials.tests.test_urls.TestUrls" name="test_products_url_is_resolves" /><testcase time="0.001009" classname="trials.tests.test_urls.TestUrls" name="test_trials_url_is_resolves" /></testsuite>