<testsuite name="Django Project Tests" errors="0" failures="2" skips="0" tests="20" time="8.534"><testcase time="0.000000" classname="trials.tests.test_forms.TestForms" name="test_grower_form_no_data" /><testcase time="0.067394" classname="trials.tests.test_forms.TestForms" name="test_grower_form_valid_data" /><testcase time="0.001031" classname="trials.tests.test_forms.TestForms" name="test_measurement_form_no_data" /><testcase time="0.000999" classname="trials.tests.test_forms.TestForms" name="test_measurement_form_valid_data" /><testcase time="0.000999" classname="trials.tests.test_forms.TestForms" name="test_product_form_no_data" /><testcase time="0.058903" classname="trials.tests.test_forms.TestForms" name="test_products_form_valid_data"><failure type="builtins.AssertionError" message="False is not true">Traceback (most recent call last):
  File "C:\Users\Luther\Documents\CS_4360\SeedApp\SeedApp\trials\tests\test_forms.py", line 34, in test_products_form_valid_data
    self.assertTrue(form.is_valid())
AssertionError: False is not true
</failure></testcase><testcase time="0.000994" classname="trials.tests.test_forms.TestForms" name="test_trial_form_no_data" /><testcase time="0.058368" classname="trials.tests.test_forms.TestForms" name="test_trial_form_valid_data"><failure type="builtins.AssertionError" message="False is not true">Traceback (most recent call last):
  File "C:\Users\Luther\Documents\CS_4360\SeedApp\SeedApp\trials\tests\test_forms.py", line 17, in test_trial_form_valid_data
    self.assertTrue(form.is_valid())
AssertionError: False is not true
</failure></testcase><testcase time="0.233245" classname="trials.tests.test_models.TestModels" name="test_grower_creation" /><testcase time="0.234356" classname="trials.tests.test_models.TestModels" name="test_measure_creation" /><testcase time="0.222096" classname="trials.tests.test_models.TestModels" name="test_product_creation" /><testcase time="0.227860" classname="trials.tests.test_models.TestModels" name="test_trial_creation" /><testcase time="0.037015" classname="trials.tests.test_views.TestViews" name="test_project_home_GET" /><testcase time="0.077993" classname="trials.tests.test_views.TestViews" name="test_project_measurement_GET" /><testcase time="0.496683" classname="trials.tests.test_views.TestViews" name="test_project_products_GET" /><testcase time="0.006001" classname="trials.tests.test_views.TestViews" name="test_project_trials_GET" /><testcase time="0.001000" classname="trials.tests.test_urls.TestUrls" name="test_dashboard_url_is_resolves" /><testcase time="0.000000" classname="trials.tests.test_urls.TestUrls" name="test_measurements_url_is_resolves" /><testcase time="0.000000" classname="trials.tests.test_urls.TestUrls" name="test_products_url_is_resolves" /><testcase time="0.001001" classname="trials.tests.test_urls.TestUrls" name="test_trials_url_is_resolves" /></testsuite>